60.33463668823242 449.9533386230469
58.51968765258789 449.683837890625
44.87644577026367 449.3134460449219
59.66466522216797 449.06549072265625
58.398948669433594 448.17462158203125
17.667098999023438 408.5513000488281
58.29764175415039 442.2391052246094
60.41790008544922 450.9830322265625
115.59104919433594 446.0666198730469
70.76918029785156 436.0685729980469
64.4377670288086 519.2940673828125
123.91480255126953 480.3850402832031
67.40377807617188 417.3540344238281
60.87216567993164 449.6394348144531
62.526588439941406 449.2953796386719
113.3060073852539 444.5006408691406
58.75050735473633 450.6585998535156
60.597537994384766 449.252197265625
60.673126220703125 450.532470703125
16.546201705932617 470.37945556640625
55.94736862182617 424.8572082519531
35.376773834228516 463.7301330566406
76.1571273803711 510.376220703125
63.02772521972656 448.658935546875
60.00587844848633 450.00518798828125
92.88906860351562 514.5866088867188
113.64752197265625 508.20654296875
110.32876586914062 509.5849609375
47.38382339477539 404.13897705078125
60.171913146972656 448.313720703125
53.325565338134766 449.13299560546875
72.03872680664062 485.95672607421875
117.92102813720703 502.67938232421875
60.985084533691406 451.7236633300781
78.23795318603516 456.50042724609375
60.23735427856445 450.18988037109375
59.96064376831055 450.81298828125
90.53984832763672 508.0864562988281
76.5423355102539 441.4219665527344
21.520078659057617 449.8267517089844
56.821224212646484 449.70831298828125
59.52334213256836 448.5252380371094
59.95639419555664 449.9187316894531
61.5842170715332 506.614501953125
48.34259796142578 451.8230285644531
59.596431732177734 450.36767578125
58.29311752319336 462.486328125
78.31476593017578 453.2281799316406
59.959632873535156 449.4144592285156
65.27154541015625 456.3024597167969
108.70417022705078 510.5884704589844
60.05146408081055 450.01422119140625
99.00189208984375 474.36932373046875
43.70794677734375 387.009521484375
59.896419525146484 449.5359802246094
46.62254333496094 463.31854248046875
63.27226257324219 420.82220458984375
16.68511962890625 432.0693664550781
58.181819915771484 422.8660888671875
98.51129150390625 512.5104370117188
56.31520080566406 457.36700439453125
38.28376007080078 458.9976806640625
59.805870056152344 449.564208984375
78.98991394042969 484.3234558105469
59.711185455322266 450.16827392578125
58.695770263671875 447.485107421875
117.55677795410156 455.1834716796875
45.80022048950195 457.319091796875
43.22277069091797 384.5886535644531
62.07478332519531 451.1529846191406
59.87613296508789 449.8455810546875
121.12005615234375 463.34649658203125
94.42507934570312 487.7485656738281
18.08840560913086 407.4230041503906
117.24598693847656 504.54620361328125
107.49275207519531 500.2615051269531
30.27528953552246 450.4595642089844
122.30187225341797 459.35003662109375
56.05586624145508 445.86810302734375
62.709712982177734 451.7294616699219
118.6353988647461 467.9752197265625
106.07767486572266 511.5242614746094
51.526126861572266 402.94573974609375
19.205028533935547 413.1964416503906
60.51691818237305 444.509033203125
116.25482177734375 506.7501220703125
18.70186996459961 464.7749938964844
74.25213623046875 384.0325927734375
83.0460433959961 493.2979736328125
55.4946403503418 445.90252685546875
60.013214111328125 449.99755859375
61.6027717590332 451.52227783203125
60.49123764038086 448.4078674316406
33.34580993652344 470.1468811035156
19.13858413696289 415.7022399902344
18.612817764282227 409.7020263671875
115.50656127929688 481.672119140625
20.931316375732422 433.750732421875
60.961395263671875 450.7656555175781
61.28982925415039 447.7021484375
